<?xml version="1.0" encoding="UTF-8"?>
<testsuite name="com.parkgr95.springboot.web.IndexContollerTest" tests="1" skipped="0" failures="0" errors="0" timestamp="2021-08-30T16:20:05" hostname="LAPTOP-5A4QKJQ9" time="0.459">
  <properties/>
  <testcase name="메인페이지_로딩" classname="com.parkgr95.springboot.web.IndexContollerTest" time="0.459"/>
  <system-out><![CDATA[01:19:57.189 [Test worker] DEBUG org.springframework.test.context.junit4.SpringJUnit4ClassRunner - SpringJUnit4ClassRunner constructor called with [class com.parkgr95.springboot.web.IndexContollerTest]
01:19:57.201 [Test worker] DEBUG org.springframework.test.context.BootstrapUtils - Instantiating CacheAwareContextLoaderDelegate from class [org.springframework.test.context.cache.DefaultCacheAwareContextLoaderDelegate]
01:19:57.215 [Test worker] DEBUG org.springframework.test.context.BootstrapUtils - Instantiating BootstrapContext using constructor [public org.springframework.test.context.support.DefaultBootstrapContext(java.lang.Class,org.springframework.test.context.CacheAwareContextLoaderDelegate)]
01:19:57.237 [Test worker] DEBUG org.springframework.test.context.BootstrapUtils - Instantiating TestContextBootstrapper for test class [com.parkgr95.springboot.web.IndexContollerTest] from class [org.springframework.boot.test.context.SpringBootTestContextBootstrapper]
01:19:57.256 [Test worker] INFO org.springframework.boot.test.context.SpringBootTestContextBootstrapper - Neither @ContextConfiguration nor @ContextHierarchy found for test class [com.parkgr95.springboot.web.IndexContollerTest], using SpringBootContextLoader
01:19:57.262 [Test worker] DEBUG org.springframework.test.context.support.AbstractContextLoader - Did not detect default resource location for test class [com.parkgr95.springboot.web.IndexContollerTest]: class path resource [com/parkgr95/springboot/web/IndexContollerTest-context.xml] does not exist
01:19:57.263 [Test worker] DEBUG org.springframework.test.context.support.AbstractContextLoader - Did not detect default resource location for test class [com.parkgr95.springboot.web.IndexContollerTest]: class path resource [com/parkgr95/springboot/web/IndexContollerTestContext.groovy] does not exist
01:19:57.263 [Test worker] INFO org.springframework.test.context.support.AbstractContextLoader - Could not detect default resource locations for test class [com.parkgr95.springboot.web.IndexContollerTest]: no resource found for suffixes {-context.xml, Context.groovy}.
01:19:57.265 [Test worker] INFO org.springframework.test.context.support.AnnotationConfigContextLoaderUtils - Could not detect default configuration classes for test class [com.parkgr95.springboot.web.IndexContollerTest]: IndexContollerTest does not declare any static, non-private, non-final, nested classes annotated with @Configuration.
01:19:57.325 [Test worker] DEBUG org.springframework.test.context.support.ActiveProfilesUtils - Could not find an 'annotation declaring class' for annotation type [org.springframework.test.context.ActiveProfiles] and class [com.parkgr95.springboot.web.IndexContollerTest]
01:19:57.468 [Test worker] DEBUG org.springframework.context.annotation.ClassPathScanningCandidateComponentProvider - Identified candidate component class: file [C:\Users\82106\freelec-springboot2-webservice\build\classes\java\main\com\parkgr95\springboot\Application.class]
01:19:57.470 [Test worker] INFO org.springframework.boot.test.context.SpringBootTestContextBootstrapper - Found @SpringBootConfiguration com.parkgr95.springboot.Application for test class com.parkgr95.springboot.web.IndexContollerTest
01:19:57.608 [Test worker] DEBUG org.springframework.boot.test.context.SpringBootTestContextBootstrapper - @TestExecutionListeners is not present for class [com.parkgr95.springboot.web.IndexContollerTest]: using defaults.
01:19:57.609 [Test worker] INFO org.springframework.boot.test.context.SpringBootTestContextBootstrapper - Loaded default TestExecutionListener class names from location [META-INF/spring.factories]: [org.springframework.boot.test.autoconfigure.restdocs.RestDocsTestExecutionListener, org.springframework.boot.test.autoconfigure.web.client.MockRestServiceServerResetTestExecutionListener, org.springframework.boot.test.autoconfigure.web.servlet.MockMvcPrintOnlyOnFailureTestExecutionListener, org.springframework.boot.test.autoconfigure.web.servlet.WebDriverTestExecutionListener, org.springframework.boot.test.mock.mockito.MockitoTestExecutionListener, org.springframework.boot.test.mock.mockito.ResetMocksTestExecutionListener, org.springframework.test.context.web.ServletTestExecutionListener, org.springframework.test.context.support.DirtiesContextBeforeModesTestExecutionListener, org.springframework.test.context.support.DependencyInjectionTestExecutionListener, org.springframework.test.context.support.DirtiesContextTestExecutionListener, org.springframework.test.context.transaction.TransactionalTestExecutionListener, org.springframework.test.context.jdbc.SqlScriptsTestExecutionListener]
01:19:57.636 [Test worker] INFO org.springframework.boot.test.context.SpringBootTestContextBootstrapper - Using TestExecutionListeners: [org.springframework.test.context.web.ServletTestExecutionListener@35404cbd, org.springframework.test.context.support.DirtiesContextBeforeModesTestExecutionListener@49876fde, org.springframework.boot.test.mock.mockito.MockitoTestExecutionListener@585d7f90, org.springframework.boot.test.autoconfigure.SpringBootDependencyInjectionTestExecutionListener@197e30b9, org.springframework.test.context.support.DirtiesContextTestExecutionListener@2e6ca28f, org.springframework.test.context.transaction.TransactionalTestExecutionListener@5c67d103, org.springframework.test.context.jdbc.SqlScriptsTestExecutionListener@6f7584e0, org.springframework.boot.test.autoconfigure.restdocs.RestDocsTestExecutionListener@7e69a4f, org.springframework.boot.test.autoconfigure.web.client.MockRestServiceServerResetTestExecutionListener@4c5528e6, org.springframework.boot.test.autoconfigure.web.servlet.MockMvcPrintOnlyOnFailureTestExecutionListener@2ed807a6, org.springframework.boot.test.autoconfigure.web.servlet.WebDriverTestExecutionListener@6dc9d419, org.springframework.boot.test.mock.mockito.ResetMocksTestExecutionListener@5e4e0f0d]
01:19:57.641 [Test worker] DEBUG org.springframework.test.annotation.ProfileValueUtils - Retrieved @ProfileValueSourceConfiguration [null] for test class [com.parkgr95.springboot.web.IndexContollerTest]
01:19:57.642 [Test worker] DEBUG org.springframework.test.annotation.ProfileValueUtils - Retrieved ProfileValueSource type [class org.springframework.test.annotation.SystemProfileValueSource] for class [com.parkgr95.springboot.web.IndexContollerTest]
01:19:57.647 [Test worker] DEBUG org.springframework.test.annotation.ProfileValueUtils - Retrieved @ProfileValueSourceConfiguration [null] for test class [com.parkgr95.springboot.web.IndexContollerTest]
01:19:57.648 [Test worker] DEBUG org.springframework.test.annotation.ProfileValueUtils - Retrieved ProfileValueSource type [class org.springframework.test.annotation.SystemProfileValueSource] for class [com.parkgr95.springboot.web.IndexContollerTest]
01:19:57.649 [Test worker] DEBUG org.springframework.test.annotation.ProfileValueUtils - Retrieved @ProfileValueSourceConfiguration [null] for test class [com.parkgr95.springboot.web.IndexContollerTest]
01:19:57.649 [Test worker] DEBUG org.springframework.test.annotation.ProfileValueUtils - Retrieved ProfileValueSource type [class org.springframework.test.annotation.SystemProfileValueSource] for class [com.parkgr95.springboot.web.IndexContollerTest]
01:19:57.662 [Test worker] DEBUG org.springframework.test.context.support.AbstractDirtiesContextTestExecutionListener - Before test class: context [DefaultTestContext@57008f2b testClass = IndexContollerTest, testInstance = [null], testMethod = [null], testException = [null], mergedContextConfiguration = [WebMergedContextConfiguration@4ac53bda testClass = IndexContollerTest, locations = '{}', classes = '{class com.parkgr95.springboot.Application}', contextInitializerClasses = '[]', activeProfiles = '{}', propertySourceLocations = '{}', propertySourceProperties = '{org.springframework.boot.test.context.SpringBootTestContextBootstrapper=true, server.port=0}', contextCustomizers = set[org.springframework.boot.test.autoconfigure.properties.PropertyMappingContextCustomizer@0, org.springframework.boot.test.autoconfigure.web.servlet.WebDriverContextCustomizerFactory$Customizer@4b842fb5, org.springframework.boot.test.context.filter.ExcludeFilterContextCustomizer@acdacbd, org.springframework.boot.test.json.DuplicateJsonObjectContextCustomizerFactory$DuplicateJsonObjectContextCustomizer@6793791d, org.springframework.boot.test.mock.mockito.MockitoContextCustomizer@0, org.springframework.boot.test.web.client.TestRestTemplateContextCustomizer@2e7abc08], resourceBasePath = 'src/main/webapp', contextLoader = 'org.springframework.boot.test.context.SpringBootContextLoader', parent = [null]], attributes = map['org.springframework.test.context.web.ServletTestExecutionListener.activateListener' -> false]], class annotated with @DirtiesContext [false] with mode [null].
01:19:57.663 [Test worker] DEBUG org.springframework.test.annotation.ProfileValueUtils - Retrieved @ProfileValueSourceConfiguration [null] for test class [com.parkgr95.springboot.web.IndexContollerTest]
01:19:57.663 [Test worker] DEBUG org.springframework.test.annotation.ProfileValueUtils - Retrieved ProfileValueSource type [class org.springframework.test.annotation.SystemProfileValueSource] for class [com.parkgr95.springboot.web.IndexContollerTest]
01:19:57.672 [Test worker] DEBUG org.springframework.test.context.support.DependencyInjectionTestExecutionListener - Performing dependency injection for test context [[DefaultTestContext@57008f2b testClass = IndexContollerTest, testInstance = com.parkgr95.springboot.web.IndexContollerTest@30a4b491, testMethod = [null], testException = [null], mergedContextConfiguration = [WebMergedContextConfiguration@4ac53bda testClass = IndexContollerTest, locations = '{}', classes = '{class com.parkgr95.springboot.Application}', contextInitializerClasses = '[]', activeProfiles = '{}', propertySourceLocations = '{}', propertySourceProperties = '{org.springframework.boot.test.context.SpringBootTestContextBootstrapper=true, server.port=0}', contextCustomizers = set[org.springframework.boot.test.autoconfigure.properties.PropertyMappingContextCustomizer@0, org.springframework.boot.test.autoconfigure.web.servlet.WebDriverContextCustomizerFactory$Customizer@4b842fb5, org.springframework.boot.test.context.filter.ExcludeFilterContextCustomizer@acdacbd, org.springframework.boot.test.json.DuplicateJsonObjectContextCustomizerFactory$DuplicateJsonObjectContextCustomizer@6793791d, org.springframework.boot.test.mock.mockito.MockitoContextCustomizer@0, org.springframework.boot.test.web.client.TestRestTemplateContextCustomizer@2e7abc08], resourceBasePath = 'src/main/webapp', contextLoader = 'org.springframework.boot.test.context.SpringBootContextLoader', parent = [null]], attributes = map['org.springframework.test.context.web.ServletTestExecutionListener.activateListener' -> false]]].
01:19:57.704 [Test worker] DEBUG org.springframework.test.context.support.TestPropertySourceUtils - Adding inlined properties to environment: {spring.jmx.enabled=false, org.springframework.boot.test.context.SpringBootTestContextBootstrapper=true, server.port=0}

  .   ____          _            __ _ _
 /\\ / ___'_ __ _ _(_)_ __  __ _ \ \ \ \
( ( )\___ | '_ | '_| | '_ \/ _` | \ \ \ \
 \\/  ___)| |_)| | | | | || (_| |  ) ) ) )
  '  |____| .__|_| |_|_| |_\__, | / / / /
 =========|_|==============|___/=/_/_/_/
 :: Spring Boot ::        (v2.1.7.RELEASE)

2021-08-31 01:19:58.167  INFO 3856 --- [    Test worker] c.p.springboot.web.IndexContollerTest    : Starting IndexContollerTest on LAPTOP-5A4QKJQ9 with PID 3856 (started by 82106 in C:\Users\82106\freelec-springboot2-webservice)
2021-08-31 01:19:58.168  INFO 3856 --- [    Test worker] c.p.springboot.web.IndexContollerTest    : No active profile set, falling back to default profiles: default
2021-08-31 01:19:59.423  INFO 3856 --- [    Test worker] .s.d.r.c.RepositoryConfigurationDelegate : Bootstrapping Spring Data repositories in DEFAULT mode.
2021-08-31 01:19:59.531  INFO 3856 --- [    Test worker] .s.d.r.c.RepositoryConfigurationDelegate : Finished Spring Data repository scanning in 93ms. Found 1 repository interfaces.
2021-08-31 01:19:59.995  INFO 3856 --- [    Test worker] trationDelegate$BeanPostProcessorChecker : Bean 'org.springframework.transaction.annotation.ProxyTransactionManagementConfiguration' of type [org.springframework.transaction.annotation.ProxyTransactionManagementConfiguration$$EnhancerBySpringCGLIB$$5301c405] is not eligible for getting processed by all BeanPostProcessors (for example: not eligible for auto-proxying)
2021-08-31 01:20:00.569  INFO 3856 --- [    Test worker] o.s.b.w.embedded.tomcat.TomcatWebServer  : Tomcat initialized with port(s): 0 (http)
2021-08-31 01:20:00.614  INFO 3856 --- [    Test worker] o.apache.catalina.core.StandardService   : Starting service [Tomcat]
2021-08-31 01:20:00.614  INFO 3856 --- [    Test worker] org.apache.catalina.core.StandardEngine  : Starting Servlet engine: [Apache Tomcat/9.0.22]
2021-08-31 01:20:00.891  INFO 3856 --- [    Test worker] o.a.c.c.C.[Tomcat].[localhost].[/]       : Initializing Spring embedded WebApplicationContext
2021-08-31 01:20:00.892  INFO 3856 --- [    Test worker] o.s.web.context.ContextLoader            : Root WebApplicationContext: initialization completed in 2701 ms
2021-08-31 01:20:01.264  INFO 3856 --- [    Test worker] com.zaxxer.hikari.HikariDataSource       : HikariPool-1 - Starting...
2021-08-31 01:20:01.543  INFO 3856 --- [    Test worker] com.zaxxer.hikari.HikariDataSource       : HikariPool-1 - Start completed.
2021-08-31 01:20:01.677  INFO 3856 --- [    Test worker] o.hibernate.jpa.internal.util.LogHelper  : HHH000204: Processing PersistenceUnitInfo [
	name: default
	...]
2021-08-31 01:20:01.824  INFO 3856 --- [    Test worker] org.hibernate.Version                    : HHH000412: Hibernate Core {5.3.10.Final}
2021-08-31 01:20:01.827  INFO 3856 --- [    Test worker] org.hibernate.cfg.Environment            : HHH000206: hibernate.properties not found
2021-08-31 01:20:02.153  INFO 3856 --- [    Test worker] o.hibernate.annotations.common.Version   : HCANN000001: Hibernate Commons Annotations {5.0.4.Final}
2021-08-31 01:20:02.442  INFO 3856 --- [    Test worker] org.hibernate.dialect.Dialect            : HHH000400: Using dialect: org.hibernate.dialect.MySQL5InnoDBDialect
Hibernate: drop table if exists posts
Hibernate: create table posts (id bigint not null auto_increment, created_date datetime, modified_date datetime, author varchar(255), content TEXT not null, title varchar(500) not null, primary key (id)) engine=InnoDB
2021-08-31 01:20:03.513  INFO 3856 --- [    Test worker] o.h.t.schema.internal.SchemaCreatorImpl  : HHH000476: Executing import script 'org.hibernate.tool.schema.internal.exec.ScriptSourceInputNonExistentImpl@46ab2904'
2021-08-31 01:20:03.517  INFO 3856 --- [    Test worker] j.LocalContainerEntityManagerFactoryBean : Initialized JPA EntityManagerFactory for persistence unit 'default'
2021-08-31 01:20:04.449  INFO 3856 --- [    Test worker] o.s.s.concurrent.ThreadPoolTaskExecutor  : Initializing ExecutorService 'applicationTaskExecutor'
2021-08-31 01:20:04.532  WARN 3856 --- [    Test worker] aWebConfiguration$JpaWebMvcConfiguration : spring.jpa.open-in-view is enabled by default. Therefore, database queries may be performed during view rendering. Explicitly configure spring.jpa.open-in-view to disable this warning
2021-08-31 01:20:04.591  INFO 3856 --- [    Test worker] o.s.b.a.w.s.WelcomePageHandlerMapping    : Adding welcome page template: index
2021-08-31 01:20:05.055  INFO 3856 --- [    Test worker] o.s.b.w.embedded.tomcat.TomcatWebServer  : Tomcat started on port(s): 56241 (http) with context path ''
2021-08-31 01:20:05.059  INFO 3856 --- [    Test worker] c.p.springboot.web.IndexContollerTest    : Started IndexContollerTest in 7.351 seconds (JVM running for 9.584)
2021-08-31 01:20:05.346  INFO 3856 --- [o-auto-1-exec-1] o.a.c.c.C.[Tomcat].[localhost].[/]       : Initializing Spring DispatcherServlet 'dispatcherServlet'
2021-08-31 01:20:05.346  INFO 3856 --- [o-auto-1-exec-1] o.s.web.servlet.DispatcherServlet        : Initializing Servlet 'dispatcherServlet'
2021-08-31 01:20:05.382  INFO 3856 --- [o-auto-1-exec-1] o.s.web.servlet.DispatcherServlet        : Completed initialization in 36 ms
]]></system-out>
  <system-err><![CDATA[]]></system-err>
</testsuite>
